<?xml version="1.0" encoding="UTF-8" ?>
<testsuite tests="5" failures="0" name="runners.TestRunner" time="2.887" errors="0" skipped="0">
  <properties>
[...]
</properties>
  <testcase classname="Scenario: " name="Given user is on the home page" time="0.002"/>
  <testcase classname="Scenario: " name="When User selects the &quot;organisation&quot; portal" time="0"/>
  <testcase classname="Scenario: " name="And provides the &quot;Organisation&quot; and &quot;x!M7D!xj3D9k&quot; to login" time="0"/>
  <testcase classname="Scenario: " name="Then user should be able to login with valid credentials" time="0"/>
  <testcase classname="Scenario: " name="Scenario: " time="2.885"/>
</testsuite>